2023-07-25 20:07:855 INFO  HomePage :118 - Accepting cookies: [[ChromeDriver: chrome on windows (a2f50cbb2cee1f68d9ca938405f78e79)] -> xpath: //button[@id='save']]
2023-07-25 20:07:55 INFO  HomePage :66 - Enter job TitleTester[[ChromeDriver: chrome on windows (a2f50cbb2cee1f68d9ca938405f78e79)] -> id: keywords]
2023-07-25 20:07:446 INFO  HomePage :71 - Entering location: Harrow[[ChromeDriver: chrome on windows (a2f50cbb2cee1f68d9ca938405f78e79)] -> id: location]
2023-07-25 20:07:612 INFO  HomePage :118 - Accepting cookies: [[ChromeDriver: chrome on windows (1f31d56c38b88e6021186d39b7ce25b1)] -> xpath: //button[@id='save']]
2023-07-25 20:07:934 INFO  HomePage :66 - Enter job TitleTester[[ChromeDriver: chrome on windows (1f31d56c38b88e6021186d39b7ce25b1)] -> id: keywords]
2023-07-25 20:07:345 INFO  HomePage :71 - Entering location: Sutton[[ChromeDriver: chrome on windows (1f31d56c38b88e6021186d39b7ce25b1)] -> id: location]
2023-07-25 20:07:925 INFO  HomePage :118 - Accepting cookies: [[ChromeDriver: chrome on windows (43a24a4f1ba510adcb56afab63e0f5c5)] -> xpath: //button[@id='save']]
2023-07-25 20:07:308 INFO  HomePage :66 - Enter job TitleTester[[ChromeDriver: chrome on windows (43a24a4f1ba510adcb56afab63e0f5c5)] -> id: keywords]
2023-07-25 20:07:606 INFO  HomePage :71 - Entering location: London[[ChromeDriver: chrome on windows (43a24a4f1ba510adcb56afab63e0f5c5)] -> id: location]
2023-07-25 21:07:896 INFO  HomePage :118 - Accepting cookies: [[ChromeDriver: chrome on windows (737866b3547e1385a0e2735b0f2fbad5)] -> xpath: //button[@id='save']]
2023-07-25 21:07:881 INFO  HomePage :66 - Enter job TitleTester[[ChromeDriver: chrome on windows (737866b3547e1385a0e2735b0f2fbad5)] -> id: keywords]
2023-07-25 21:07:380 INFO  HomePage :71 - Entering location: Harrow, Greater London[[ChromeDriver: chrome on windows (737866b3547e1385a0e2735b0f2fbad5)] -> id: location]
2023-07-25 21:07:828 INFO  HomePage :77 - Entering distance: 5 miles[[ChromeDriver: chrome on windows (737866b3547e1385a0e2735b0f2fbad5)] -> id: distance]
2023-07-25 21:07:143 INFO  HomePage :84 - Clicking on searchOptionLink [[ChromeDriver: chrome on windows (737866b3547e1385a0e2735b0f2fbad5)] -> id: toggle-hp-search]
2023-07-25 21:07:627 INFO  HomePage :88 - Entering enterTheMinimumSalary: 30000[[ChromeDriver: chrome on windows (737866b3547e1385a0e2735b0f2fbad5)] -> id: salarymin]
2023-07-25 21:07:10 INFO  HomePage :94 - Entering salaryMax: 500000[[ChromeDriver: chrome on windows (737866b3547e1385a0e2735b0f2fbad5)] -> id: salarymax]
2023-07-25 21:07:372 INFO  HomePage :99 - Selecting salaryTypeDrop: Per annum[[ChromeDriver: chrome on windows (737866b3547e1385a0e2735b0f2fbad5)] -> id: salarytype]
2023-07-25 21:07:717 INFO  HomePage :104 - Selecting jobTypeDrop: Permanent[[ChromeDriver: chrome on windows (737866b3547e1385a0e2735b0f2fbad5)] -> id: tempperm]
2023-07-25 21:07:205 INFO  HomePage :109 - Clicking findJobsBtn: [[ChromeDriver: chrome on windows (737866b3547e1385a0e2735b0f2fbad5)] -> id: hp-search-btn]
2023-07-25 21:07:82 INFO  HomePage :118 - Accepting cookies: [[ChromeDriver: chrome on windows (9a6f0d7a76397004fc8581ce87caaa0a)] -> xpath: //button[@id='save']]
2023-07-25 21:07:819 INFO  HomePage :66 - Enter job TitleDeveloper[[ChromeDriver: chrome on windows (9a6f0d7a76397004fc8581ce87caaa0a)] -> id: keywords]
2023-07-25 21:07:152 INFO  HomePage :71 - Entering location: Manchester[[ChromeDriver: chrome on windows (9a6f0d7a76397004fc8581ce87caaa0a)] -> id: location]
2023-07-25 21:07:596 INFO  HomePage :77 - Entering distance: 7 miles[[ChromeDriver: chrome on windows (9a6f0d7a76397004fc8581ce87caaa0a)] -> id: distance]
2023-07-25 21:07:901 INFO  HomePage :84 - Clicking on searchOptionLink [[ChromeDriver: chrome on windows (9a6f0d7a76397004fc8581ce87caaa0a)] -> id: toggle-hp-search]
2023-07-25 21:07:547 INFO  HomePage :88 - Entering enterTheMinimumSalary: 40000[[ChromeDriver: chrome on windows (9a6f0d7a76397004fc8581ce87caaa0a)] -> id: salarymin]
2023-07-25 21:07:863 INFO  HomePage :94 - Entering salaryMax: 600000[[ChromeDriver: chrome on windows (9a6f0d7a76397004fc8581ce87caaa0a)] -> id: salarymax]
2023-07-25 21:07:207 INFO  HomePage :99 - Selecting salaryTypeDrop: Per annum[[ChromeDriver: chrome on windows (9a6f0d7a76397004fc8581ce87caaa0a)] -> id: salarytype]
2023-07-25 21:07:489 INFO  HomePage :104 - Selecting jobTypeDrop: Contract[[ChromeDriver: chrome on windows (9a6f0d7a76397004fc8581ce87caaa0a)] -> id: tempperm]
2023-07-25 21:07:862 INFO  HomePage :109 - Clicking findJobsBtn: [[ChromeDriver: chrome on windows (9a6f0d7a76397004fc8581ce87caaa0a)] -> id: hp-search-btn]
2023-07-25 21:07:576 INFO  ResultPage :24 - Verifying the results: [[ChromeDriver: chrome on windows (9a6f0d7a76397004fc8581ce87caaa0a)] -> xpath: //h1[@class='search-header__title']]
2023-07-25 21:07:09 INFO  HomePage :118 - Accepting cookies: [[ChromeDriver: chrome on windows (9ee3e29553e001ec1f41f20978d60834)] -> xpath: //button[@id='save']]
2023-07-25 21:07:33 INFO  HomePage :66 - Enter job TitleQA[[ChromeDriver: chrome on windows (9ee3e29553e001ec1f41f20978d60834)] -> id: keywords]
2023-07-25 21:07:320 INFO  HomePage :71 - Entering location: London[[ChromeDriver: chrome on windows (9ee3e29553e001ec1f41f20978d60834)] -> id: location]
2023-07-25 21:07:670 INFO  HomePage :77 - Entering distance: 2 miles[[ChromeDriver: chrome on windows (9ee3e29553e001ec1f41f20978d60834)] -> id: distance]
2023-07-25 21:07:979 INFO  HomePage :84 - Clicking on searchOptionLink [[ChromeDriver: chrome on windows (9ee3e29553e001ec1f41f20978d60834)] -> id: toggle-hp-search]
2023-07-25 21:07:398 INFO  HomePage :88 - Entering enterTheMinimumSalary: 3000[[ChromeDriver: chrome on windows (9ee3e29553e001ec1f41f20978d60834)] -> id: salarymin]
2023-07-25 21:07:662 INFO  HomePage :94 - Entering salaryMax: 5000[[ChromeDriver: chrome on windows (9ee3e29553e001ec1f41f20978d60834)] -> id: salarymax]
2023-07-25 21:07:935 INFO  HomePage :99 - Selecting salaryTypeDrop: Per month[[ChromeDriver: chrome on windows (9ee3e29553e001ec1f41f20978d60834)] -> id: salarytype]
2023-07-25 21:07:146 INFO  HomePage :104 - Selecting jobTypeDrop: Permanent[[ChromeDriver: chrome on windows (9ee3e29553e001ec1f41f20978d60834)] -> id: tempperm]
2023-07-25 21:07:707 INFO  HomePage :109 - Clicking findJobsBtn: [[ChromeDriver: chrome on windows (9ee3e29553e001ec1f41f20978d60834)] -> id: hp-search-btn]
2023-07-25 21:07:430 INFO  ResultPage :24 - Verifying the results: [[ChromeDriver: chrome on windows (9ee3e29553e001ec1f41f20978d60834)] -> xpath: //h1[@class='search-header__title']]
2023-07-25 21:07:738 INFO  HomePage :118 - Accepting cookies: [[ChromeDriver: chrome on windows (9f66c0d01fc61539010f7bea29d235fc)] -> xpath: //button[@id='save']]
2023-07-25 21:07:673 INFO  HomePage :66 - Enter job TitleSoftware Tester[[ChromeDriver: chrome on windows (9f66c0d01fc61539010f7bea29d235fc)] -> id: keywords]
2023-07-25 21:07:46 INFO  HomePage :71 - Entering location: Edgware, Greater London[[ChromeDriver: chrome on windows (9f66c0d01fc61539010f7bea29d235fc)] -> id: location]
2023-07-25 21:07:359 INFO  HomePage :77 - Entering distance: 7 miles[[ChromeDriver: chrome on windows (9f66c0d01fc61539010f7bea29d235fc)] -> id: distance]
2023-07-25 21:07:610 INFO  HomePage :84 - Clicking on searchOptionLink [[ChromeDriver: chrome on windows (9f66c0d01fc61539010f7bea29d235fc)] -> id: toggle-hp-search]
2023-07-25 21:07:26 INFO  HomePage :88 - Entering enterTheMinimumSalary: 400[[ChromeDriver: chrome on windows (9f66c0d01fc61539010f7bea29d235fc)] -> id: salarymin]
2023-07-25 21:07:210 INFO  HomePage :94 - Entering salaryMax: 1000[[ChromeDriver: chrome on windows (9f66c0d01fc61539010f7bea29d235fc)] -> id: salarymax]
2023-07-25 21:07:519 INFO  HomePage :99 - Selecting salaryTypeDrop: Per day[[ChromeDriver: chrome on windows (9f66c0d01fc61539010f7bea29d235fc)] -> id: salarytype]
2023-07-25 21:07:755 INFO  HomePage :104 - Selecting jobTypeDrop: Permanent[[ChromeDriver: chrome on windows (9f66c0d01fc61539010f7bea29d235fc)] -> id: tempperm]
2023-07-25 21:07:89 INFO  HomePage :109 - Clicking findJobsBtn: [[ChromeDriver: chrome on windows (9f66c0d01fc61539010f7bea29d235fc)] -> id: hp-search-btn]
2023-07-25 21:07:443 INFO  ResultPage :24 - Verifying the results: [[ChromeDriver: chrome on windows (9f66c0d01fc61539010f7bea29d235fc)] -> xpath: //h1[@class='search-header__title']]
2023-07-25 21:07:597 INFO  HomePage :118 - Accepting cookies: [[ChromeDriver: chrome on windows (bf2fa49bec64d009b1c162f8a73b5cc4)] -> xpath: //button[@id='save']]
2023-07-25 21:07:818 INFO  HomePage :66 - Enter job TitleDeveloper[[ChromeDriver: chrome on windows (bf2fa49bec64d009b1c162f8a73b5cc4)] -> id: keywords]
2023-07-25 21:07:96 INFO  HomePage :71 - Entering location: London[[ChromeDriver: chrome on windows (bf2fa49bec64d009b1c162f8a73b5cc4)] -> id: location]
2023-07-25 21:07:392 INFO  HomePage :77 - Entering distance: 5 miles[[ChromeDriver: chrome on windows (bf2fa49bec64d009b1c162f8a73b5cc4)] -> id: distance]
2023-07-25 21:07:658 INFO  HomePage :84 - Clicking on searchOptionLink [[ChromeDriver: chrome on windows (bf2fa49bec64d009b1c162f8a73b5cc4)] -> id: toggle-hp-search]
2023-07-25 21:07:80 INFO  HomePage :88 - Entering enterTheMinimumSalary: 60000[[ChromeDriver: chrome on windows (bf2fa49bec64d009b1c162f8a73b5cc4)] -> id: salarymin]
2023-07-25 21:07:273 INFO  HomePage :94 - Entering salaryMax: 100000[[ChromeDriver: chrome on windows (bf2fa49bec64d009b1c162f8a73b5cc4)] -> id: salarymax]
2023-07-25 21:07:482 INFO  HomePage :99 - Selecting salaryTypeDrop: Per annum[[ChromeDriver: chrome on windows (bf2fa49bec64d009b1c162f8a73b5cc4)] -> id: salarytype]
2023-07-25 21:07:676 INFO  HomePage :104 - Selecting jobTypeDrop: Temporary[[ChromeDriver: chrome on windows (bf2fa49bec64d009b1c162f8a73b5cc4)] -> id: tempperm]
2023-07-25 21:07:996 INFO  HomePage :109 - Clicking findJobsBtn: [[ChromeDriver: chrome on windows (bf2fa49bec64d009b1c162f8a73b5cc4)] -> id: hp-search-btn]
2023-07-25 21:07:835 INFO  ResultPage :24 - Verifying the results: [[ChromeDriver: chrome on windows (bf2fa49bec64d009b1c162f8a73b5cc4)] -> xpath: //h1[@class='search-header__title']]
2023-07-25 21:07:771 INFO  HomePage :118 - Accepting cookies: [[ChromeDriver: chrome on windows (f8431fefa1d2bd66d12dfa3368076ee6)] -> xpath: //button[@id='save']]
2023-07-25 21:07:580 INFO  HomePage :66 - Enter job TitleSoftware Tester[[ChromeDriver: chrome on windows (f8431fefa1d2bd66d12dfa3368076ee6)] -> id: keywords]
2023-07-25 21:07:989 INFO  HomePage :71 - Entering location: Hendon, Greater London[[ChromeDriver: chrome on windows (f8431fefa1d2bd66d12dfa3368076ee6)] -> id: location]
2023-07-25 21:07:382 INFO  HomePage :77 - Entering distance: 5 miles[[ChromeDriver: chrome on windows (f8431fefa1d2bd66d12dfa3368076ee6)] -> id: distance]
2023-07-25 21:07:681 INFO  HomePage :84 - Clicking on searchOptionLink [[ChromeDriver: chrome on windows (f8431fefa1d2bd66d12dfa3368076ee6)] -> id: toggle-hp-search]
2023-07-25 21:07:128 INFO  HomePage :88 - Entering enterTheMinimumSalary: 40000[[ChromeDriver: chrome on windows (f8431fefa1d2bd66d12dfa3368076ee6)] -> id: salarymin]
2023-07-25 21:07:326 INFO  HomePage :94 - Entering salaryMax: 60000[[ChromeDriver: chrome on windows (f8431fefa1d2bd66d12dfa3368076ee6)] -> id: salarymax]
2023-07-25 21:07:621 INFO  HomePage :99 - Selecting salaryTypeDrop: Per annum[[ChromeDriver: chrome on windows (f8431fefa1d2bd66d12dfa3368076ee6)] -> id: salarytype]
2023-07-25 21:07:924 INFO  HomePage :104 - Selecting jobTypeDrop: Permanent[[ChromeDriver: chrome on windows (f8431fefa1d2bd66d12dfa3368076ee6)] -> id: tempperm]
2023-07-25 21:07:279 INFO  HomePage :109 - Clicking findJobsBtn: [[ChromeDriver: chrome on windows (f8431fefa1d2bd66d12dfa3368076ee6)] -> id: hp-search-btn]
2023-07-25 21:07:823 INFO  ResultPage :24 - Verifying the results: [[ChromeDriver: chrome on windows (f8431fefa1d2bd66d12dfa3368076ee6)] -> xpath: //h1[@class='search-header__title']]
